<?xml version="1.0" encoding="UTF-8"?>
<!-- Generated by org.testng.reporters.JUnitReportReporter -->
<testsuite hostname="RuleTek-Jeremiah" failures="0" tests="1" name="default_package.PS1" time="0.029" errors="0" timestamp="2023-06-26T17:20:09 MDT" skipped="0">
  <testcase classname="default_package.PS1" name="doThat" time="0.029"/>
  <system-out/>
</testsuite> <!-- default_package.PS1 -->
